<?xml version="1.0" encoding="UTF-8"?>
<!-- Generated by org.testng.reporters.JUnitXMLReporter -->
<testsuite hostname="DESKTOP-U067ESR" ignored="1" name="Test" tests="2" failures="0" timestamp="22 Apr 2020 20:49:39 GMT" time="5.494" errors="0">
  <testcase name="loginAsBankManager" time="3.334" classname="com.swetha.testcases.BankManagerLoginTest"/>
  <testcase name="addCustomer" time="0.0" classname="com.swetha.testcases.AddCustomerTest">
    <skipped/>
  </testcase> <!-- addCustomer -->
  <testcase name="@BeforeSuite setUp" time="0.0" classname="com.swetha.base.TestBase">
    <ignored/>
  </testcase> <!-- @BeforeSuite setUp -->
</testsuite> <!-- Test -->
