<?xml version="1.0" encoding="UTF-8"?>
<testng-results skipped="0" failed="0" ignored="0" total="1" passed="1">
  <reporter-output>
  </reporter-output>
  <suite name="Default suite" duration-ms="3615" started-at="2020-04-17T20:36:59Z" finished-at="2020-04-17T20:37:02Z">
    <groups>
    </groups>
    <test name="Default test" duration-ms="3615" started-at="2020-04-17T20:36:59Z" finished-at="2020-04-17T20:37:02Z">
      <class name="com.swetha.testcases.LoginTest">
        <test-method status="PASS" signature="setUp()[pri:0, instance:com.swetha.testcases.LoginTest@56de5251]" name="setUp" is-config="true" duration-ms="11888" started-at="2020-04-18T02:06:47Z" finished-at="2020-04-18T02:06:59Z">
          <reporter-output>
          </reporter-output>
        </test-method> <!-- setUp -->
        <test-method status="PASS" signature="loginAsBankManager()[pri:0, instance:com.swetha.testcases.LoginTest@56de5251]" name="loginAsBankManager" duration-ms="3586" started-at="2020-04-18T02:06:59Z" finished-at="2020-04-18T02:07:02Z">
          <reporter-output>
          </reporter-output>
        </test-method> <!-- loginAsBankManager -->
        <test-method status="PASS" signature="tearDown()[pri:0, instance:com.swetha.testcases.LoginTest@56de5251]" name="tearDown" is-config="true" duration-ms="1318" started-at="2020-04-18T02:07:02Z" finished-at="2020-04-18T02:07:04Z">
          <reporter-output>
          </reporter-output>
        </test-method> <!-- tearDown -->
      </class> <!-- com.swetha.testcases.LoginTest -->
    </test> <!-- Default test -->
  </suite> <!-- Default suite -->
</testng-results>
