<?xml version="1.0" encoding="UTF-8"?>
<testng-results skipped="0" failed="0" ignored="0" total="1" passed="1">
  <reporter-output>
  </reporter-output>
  <suite name="Default suite" duration-ms="3214" started-at="2020-04-17T01:44:09 IST" finished-at="2020-04-17T01:44:12 IST">
    <groups>
    </groups>
    <test name="Default test" duration-ms="3214" started-at="2020-04-17T01:44:09 IST" finished-at="2020-04-17T01:44:12 IST">
      <class name="com.swetha.testcases.LoginTest">
        <test-method status="PASS" signature="setUp()[pri:0, instance:com.swetha.testcases.LoginTest@70beb599]" name="setUp" is-config="true" duration-ms="12880" started-at="2020-04-17T01:43:56 IST" finished-at="2020-04-17T01:44:09 IST">
          <reporter-output>
          </reporter-output>
        </test-method> <!-- setUp -->
        <test-method status="PASS" signature="loginAsBankManager()[pri:0, instance:com.swetha.testcases.LoginTest@70beb599]" name="loginAsBankManager" duration-ms="3143" started-at="2020-04-17T01:44:09 IST" finished-at="2020-04-17T01:44:12 IST">
          <reporter-output>
          </reporter-output>
        </test-method> <!-- loginAsBankManager -->
        <test-method status="PASS" signature="tearDown()[pri:0, instance:com.swetha.testcases.LoginTest@70beb599]" name="tearDown" is-config="true" duration-ms="1" started-at="2020-04-17T01:44:12 IST" finished-at="2020-04-17T01:44:12 IST">
          <reporter-output>
          </reporter-output>
        </test-method> <!-- tearDown -->
      </class> <!-- com.swetha.testcases.LoginTest -->
    </test> <!-- Default test -->
  </suite> <!-- Default suite -->
</testng-results>
